2021-06-18 02:50:28.233 {restartedMain} INFO  cn.edu.sicau.czczl.CzczlApplication - Starting CzczlApplication using Java 15 on mrruans-MBP with PID 55587 (/Users/qkmc/IdeaProjects2/czczl/build/classes/java/main started by qkmc in /Users/qkmc/IdeaProjects2/czczl)
2021-06-18 02:50:28.235 {restartedMain} INFO  cn.edu.sicau.czczl.CzczlApplication - The following profiles are active: ruan
2021-06-18 02:50:28.283 {restartedMain} INFO  o.s.b.d.env.DevToolsPropertyDefaultsPostProcessor - Devtools property defaults active! Set 'spring.devtools.add-properties' to 'false' to disable
2021-06-18 02:50:28.283 {restartedMain} INFO  o.s.b.d.env.DevToolsPropertyDefaultsPostProcessor - For additional web related logging consider setting the 'logging.level.web' property to 'DEBUG'
2021-06-18 02:50:29.143 {restartedMain} INFO  o.s.d.r.config.RepositoryConfigurationDelegate - Multiple Spring Data modules found, entering strict repository configuration mode!
2021-06-18 02:50:29.143 {restartedMain} INFO  o.s.d.r.config.RepositoryConfigurationDelegate - Bootstrapping Spring Data JPA repositories in DEFAULT mode.
2021-06-18 02:50:29.219 {restartedMain} INFO  o.s.d.r.config.RepositoryConfigurationDelegate - Finished Spring Data repository scanning in 68 ms. Found 5 JPA repository interfaces.
2021-06-18 02:50:29.909 {restartedMain} INFO  o.s.boot.web.embedded.tomcat.TomcatWebServer - Tomcat initialized with port(s): 8888 (http)
2021-06-18 02:50:29.918 {restartedMain} INFO  org.apache.coyote.http11.Http11NioProtocol - Initializing ProtocolHandler ["http-nio-8888"]
2021-06-18 02:50:29.919 {restartedMain} INFO  org.apache.catalina.core.StandardService - Starting service [Tomcat]
2021-06-18 02:50:29.919 {restartedMain} INFO  org.apache.catalina.core.StandardEngine - Starting Servlet engine: [Apache Tomcat/9.0.46]
2021-06-18 02:50:30.000 {restartedMain} INFO  o.a.c.c.C.[Tomcat].[localhost].[/czczl] - Initializing Spring embedded WebApplicationContext
2021-06-18 02:50:30.001 {restartedMain} INFO  o.s.b.w.s.c.ServletWebServerApplicationContext - Root WebApplicationContext: initialization completed in 1717 ms
2021-06-18 02:50:30.167 {restartedMain} INFO  org.hibernate.jpa.internal.util.LogHelper - HHH000204: Processing PersistenceUnitInfo [name: default]
2021-06-18 02:50:30.214 {restartedMain} INFO  org.hibernate.Version - HHH000412: Hibernate ORM core version 5.4.31.Final
2021-06-18 02:50:30.333 {restartedMain} INFO  org.hibernate.annotations.common.Version - HCANN000001: Hibernate Commons Annotations {5.1.2.Final}
2021-06-18 02:50:30.425 {restartedMain} INFO  com.zaxxer.hikari.HikariDataSource - HikariPool-1 - Starting...
2021-06-18 02:50:30.545 {restartedMain} INFO  com.zaxxer.hikari.HikariDataSource - HikariPool-1 - Start completed.
2021-06-18 02:50:30.557 {restartedMain} INFO  org.hibernate.dialect.Dialect - HHH000400: Using dialect: org.hibernate.dialect.MySQL57Dialect
2021-06-18 02:50:31.103 {restartedMain} INFO  o.h.e.t.jta.platform.internal.JtaPlatformInitiator - HHH000490: Using JtaPlatform implementation: [org.hibernate.engine.transaction.jta.platform.internal.NoJtaPlatform]
2021-06-18 02:50:31.110 {restartedMain} INFO  o.s.orm.jpa.LocalContainerEntityManagerFactoryBean - Initialized JPA EntityManagerFactory for persistence unit 'default'
2021-06-18 02:50:32.125 {restartedMain} WARN  o.s.b.a.o.j.JpaBaseConfiguration$JpaWebConfiguration - spring.jpa.open-in-view is enabled by default. Therefore, database queries may be performed during view rendering. Explicitly configure spring.jpa.open-in-view to disable this warning
2021-06-18 02:50:32.255 {restartedMain} INFO  s.d.s.w.PropertySourcedRequestMappingHandlerMapping - Mapped URL path [/v2/api-docs] onto method [springfox.documentation.swagger2.web.Swagger2Controller#getDocumentation(String, HttpServletRequest)]
2021-06-18 02:50:32.334 {restartedMain} INFO  o.s.b.d.autoconfigure.OptionalLiveReloadServer - LiveReload server is running on port 35729
2021-06-18 02:50:32.618 {restartedMain} INFO  org.quartz.impl.StdSchedulerFactory - Using default implementation for ThreadExecutor
2021-06-18 02:50:32.628 {restartedMain} INFO  org.quartz.core.SchedulerSignalerImpl - Initialized Scheduler Signaller of type: class org.quartz.core.SchedulerSignalerImpl
2021-06-18 02:50:32.628 {restartedMain} INFO  org.quartz.core.QuartzScheduler - Quartz Scheduler v.2.3.2 created.
2021-06-18 02:50:32.629 {restartedMain} INFO  org.quartz.simpl.RAMJobStore - RAMJobStore initialized.
2021-06-18 02:50:32.634 {restartedMain} INFO  org.quartz.core.QuartzScheduler - Scheduler meta-data: Quartz Scheduler (v2.3.2) 'quartzScheduler' with instanceId 'NON_CLUSTERED'
  Scheduler class: 'org.quartz.core.QuartzScheduler' - running locally.
  NOT STARTED.
  Currently in standby mode.
  Number of jobs executed: 0
  Using thread pool 'org.quartz.simpl.SimpleThreadPool' - with 10 threads.
  Using job-store 'org.quartz.simpl.RAMJobStore' - which does not support persistence. and is not clustered.

2021-06-18 02:50:32.634 {restartedMain} INFO  org.quartz.impl.StdSchedulerFactory - Quartz scheduler 'quartzScheduler' initialized from an externally provided properties instance.
2021-06-18 02:50:32.634 {restartedMain} INFO  org.quartz.impl.StdSchedulerFactory - Quartz scheduler version: 2.3.2
2021-06-18 02:50:32.634 {restartedMain} INFO  org.quartz.core.QuartzScheduler - JobFactory set to: org.springframework.scheduling.quartz.SpringBeanJobFactory@7385fc8f
2021-06-18 02:50:32.684 {restartedMain} INFO  org.apache.coyote.http11.Http11NioProtocol - Starting ProtocolHandler ["http-nio-8888"]
2021-06-18 02:50:32.703 {restartedMain} INFO  o.s.boot.web.embedded.tomcat.TomcatWebServer - Tomcat started on port(s): 8888 (http) with context path '/czczl'
2021-06-18 02:50:32.704 {restartedMain} INFO  s.d.s.web.plugins.DocumentationPluginsBootstrapper - Context refreshed
2021-06-18 02:50:32.719 {restartedMain} INFO  s.d.s.web.plugins.DocumentationPluginsBootstrapper - Found 1 custom documentation plugin(s)
2021-06-18 02:50:32.740 {restartedMain} INFO  s.d.spring.web.scanners.ApiListingReferenceScanner - Scanning for api listing references
2021-06-18 02:50:32.848 {restartedMain} INFO  o.s.scheduling.quartz.SchedulerFactoryBean - Starting Quartz Scheduler now
2021-06-18 02:50:32.848 {restartedMain} INFO  org.quartz.core.QuartzScheduler - Scheduler quartzScheduler_$_NON_CLUSTERED started.
2021-06-18 02:50:32.859 {restartedMain} INFO  cn.edu.sicau.czczl.CzczlApplication - Started CzczlApplication in 5.032 seconds (JVM running for 5.666)
2021-06-18 02:50:32.860 {restartedMain} INFO  o.s.boot.availability.ApplicationAvailabilityBean - Application availability state LivenessState changed to CORRECT
2021-06-18 02:50:32.862 {restartedMain} INFO  o.s.boot.availability.ApplicationAvailabilityBean - Application availability state ReadinessState changed to ACCEPTING_TRAFFIC
2021-06-18 02:50:56.656 {http-nio-8888-exec-1} INFO  o.a.c.c.C.[Tomcat].[localhost].[/czczl] - Initializing Spring DispatcherServlet 'dispatcherServlet'
2021-06-18 02:50:56.656 {http-nio-8888-exec-1} INFO  org.springframework.web.servlet.DispatcherServlet - Initializing Servlet 'dispatcherServlet'
2021-06-18 02:50:56.658 {http-nio-8888-exec-1} INFO  org.springframework.web.servlet.DispatcherServlet - Completed initialization in 2 ms
2021-06-18 02:51:05.031 {http-nio-8888-exec-4} INFO  cn.edu.sicau.czczl.service.impl.UserServiceImpl - https://api.weixin.qq.com/sns/jscode2session?appid=wx5fc776fc4b05b1a2&secret=f9e65be6c6d703ffbdfa597dcf95165e&js_code=afdf&grant_type=authorization_code
2021-06-18 02:51:05.737 {http-nio-8888-exec-4} INFO  cn.edu.sicau.czczl.service.impl.UserServiceImpl - {"errcode":40029,"errmsg":"invalid code, hints: [ req_id: zAICZyTNe-cxh ]"}
